<?xml version="1.0" encoding="UTF-8"?>
<testng-results skipped="0" failed="0" ignored="0" total="2" passed="2">
  <reporter-output>
  </reporter-output>
  <suite name="Default suite" duration-ms="52" started-at="2019-08-11T10:26:36Z" finished-at="2019-08-11T10:26:36Z">
    <groups>
    </groups>
    <test name="Default test" duration-ms="52" started-at="2019-08-11T10:26:36Z" finished-at="2019-08-11T10:26:36Z">
      <class name="packagedemo.MavenTest">
        <test-method status="PASS" signature="maventestA()[pri:0, instance:packagedemo.MavenTest@e25b2fe]" name="maventestA" duration-ms="8" started-at="2019-08-11T10:26:36Z" finished-at="2019-08-11T10:26:36Z">
          <reporter-output>
          </reporter-output>
        </test-method> <!-- maventestA -->
        <test-method status="PASS" signature="maventestB()[pri:0, instance:packagedemo.MavenTest@e25b2fe]" name="maventestB" duration-ms="0" started-at="2019-08-11T10:26:36Z" finished-at="2019-08-11T10:26:36Z">
          <reporter-output>
          </reporter-output>
        </test-method> <!-- maventestB -->
      </class> <!-- packagedemo.MavenTest -->
    </test> <!-- Default test -->
  </suite> <!-- Default suite -->
</testng-results>
